Arguments: 
  /usr/local/bin/node /usr/local/Cellar/yarn/1.5.1_1/libexec/bin/yarn.js add

PATH: 
  /usr/bin:/bin:/usr/sbin:/sbin:/usr/local/bin

Yarn version: 
  1.5.1

Node version: 
  8.4.0

Platform: 
  darwin x64

npm manifest: 
  {
    "scripts": {
      "api": "node ratingsAPI.js",
      "watch": "webpack --watch",
      "dev": "webpack-dev-server",
      "format": "prettier --write --single-quote --print-width=120 --tab-width=2 \"js/**/*.{js,jsx}\"",
      "lint": "eslint **/*.{js,jsx} --quiet",
      "build": "webpack -p",
      "build:dev": "webpack -d"
    },
    "dependencies": {
      "babel-plugin-dynamic-import-webpack": "1.0.1",
      "babel-plugin-transform-decorators-legacy": "1.3.4",
      "babel-register": "6.24.1",
      "compression": "1.6.2",
      "cors": "2.8.3",
      "lodash": "4.17.4",
      "preact": "8.1.0",
      "preact-compat": "3.16.0",
      "prop-types": "15.5.10",
      "react": "15.5.4",
      "react-addons-perf": "15.4.2",
      "react-dom": "15.5.4",
      "webpack": "2.6.1",
      "webpack-dev-middleware": "1.10.2",
      "webpack-hot-middleware": "2.18.0"
    },
    "devDependencies": {
      "babel-core": "6.24.1",
      "babel-eslint": "7.2.3",
      "babel-loader": "7.0.0",
      "babel-plugin-dynamic-import-node": "1.0.2",
      "babel-plugin-syntax-dynamic-import": "6.18.0",
      "babel-plugin-transform-class-properties": "6.24.1",
      "babel-plugin-transform-es2015-modules-commonjs": "6.24.1",
      "babel-preset-env": "1.5.1",
      "babel-preset-react": "6.24.1",
      "enzyme": "2.8.2",
      "eslint": "4.19.1",
      "eslint-config-airbnb": "16.1.0",
      "eslint-config-prettier": "2.9.0",
      "eslint-config-react": "1.1.7",
      "eslint-loader": "2.0.0",
      "eslint-plugin-flow": "2.29.1",
      "eslint-plugin-flowtype": "2.46.2",
      "eslint-plugin-import": "2.11.0",
      "eslint-plugin-jsx-a11y": "6.0.3",
      "eslint-plugin-prettier": "2.6.0",
      "eslint-plugin-react": "7.7.0",
      "flow-bin": "0.47.0",
      "nodemon": "1.11.0",
      "prettier": "1.3.1",
      "react-hot-loader": "3.0.0-beta.6",
      "react-test-renderer": "15.5.4",
      "webpack-dev-server": "2.4.5"
    },
    "name": "react-start",
    "version": "1.0.0",
    "description": "react-start",
    "main": "server.js",
    "repository": "git@github.com:sashablazhko/react-start.git",
    "author": "Sasha Blazhko <sashablazhko@gmail.com>",
    "license": "MIT"
  }

yarn manifest: 
  No manifest

Lockfile: 
  No lockfile

Trace: 
  Error: Missing list of packages to add to your project.
      at new MessageError (/usr/local/Cellar/yarn/1.5.1_1/libexec/lib/cli.js:186:110)
      at Object.<anonymous> (/usr/local/Cellar/yarn/1.5.1_1/libexec/lib/cli.js:40587:13)
      at Generator.next (<anonymous>)
      at step (/usr/local/Cellar/yarn/1.5.1_1/libexec/lib/cli.js:98:30)
      at /usr/local/Cellar/yarn/1.5.1_1/libexec/lib/cli.js:116:14
      at Promise (<anonymous>)
      at F (/usr/local/Cellar/yarn/1.5.1_1/libexec/lib/cli.js:23451:28)
      at Object.<anonymous> (/usr/local/Cellar/yarn/1.5.1_1/libexec/lib/cli.js:95:12)
      at Object.run (/usr/local/Cellar/yarn/1.5.1_1/libexec/lib/cli.js:40599:19)
      at run (/usr/local/Cellar/yarn/1.5.1_1/libexec/lib/cli.js:89113:20)
